<?xml version="1.0" encoding="UTF-8"?>
<!-- Generated by org.testng.reporters.JUnitReportReporter -->
<testsuite hostname="DELL-PC" failures="0" tests="1" name="demo.Tc002_POST_API" time="3.103" errors="0" timestamp="2022-04-15T15:45:08 IST" skipped="0">
  <testcase classname="demo.Tc002_POST_API" name="postbookdetails" time="3.103"/>
  <system-out/>
</testsuite> <!-- demo.Tc002_POST_API -->
