<?xml version="1.0" encoding="UTF-8"?>
<!-- Generated by org.testng.reporters.JUnitReportReporter -->
<testsuite hostname="DELL-PC" failures="0" tests="1" name="demo.Tc001_GET_API" time="3.006" errors="0" timestamp="2022-04-15T15:24:27 IST" skipped="0">
  <testcase classname="demo.Tc001_GET_API" name="getbookdetails" time="3.006"/>
  <system-out/>
</testsuite> <!-- demo.Tc001_GET_API -->
